<?xml version="1.0" encoding="UTF-8"?>
<!-- Generated by org.testng.reporters.JUnitReportReporter -->
<testsuite skipped="0" hostname="LAPTOP-MB120P1M" name="com.mindtree.TestCases.TC_TVUnits" tests="1" failures="0" timestamp="2022-05-24T00:15:16 IST" time="4.553" errors="0">
  <testcase name="tvUnits" time="4.553" classname="com.mindtree.TestCases.TC_TVUnits"/>
  <system-out/>
</testsuite> <!-- com.mindtree.TestCases.TC_TVUnits -->
