<?xml version="1.0" encoding="UTF-8"?>
<!-- Generated by org.testng.reporters.JUnitReportReporter -->
<testsuite skipped="0" hostname="LAPTOP-MB120P1M" name="com.mindtree.TestCases.TC_SelectMattresses" tests="1" failures="0" timestamp="2022-05-24T00:15:16 IST" time="10.922" errors="0">
  <testcase name="selectmattresses" time="10.922" classname="com.mindtree.TestCases.TC_SelectMattresses"/>
  <system-out/>
</testsuite> <!-- com.mindtree.TestCases.TC_SelectMattresses -->
